[debug] [2021-04-05T19:21:04.779Z] ----------------------------------------------------------------------
[debug] [2021-04-05T19:21:04.783Z] Command:       C:\Program Files\nodejs\node.exe C:\Users\Admin\AppData\Roaming\npm\node_modules\firebase-tools\lib\bin\firebase.js functions:shell
[debug] [2021-04-05T19:21:04.783Z] CLI Version:   9.8.0
[debug] [2021-04-05T19:21:04.783Z] Platform:      win32
[debug] [2021-04-05T19:21:04.784Z] Node Version:  v14.15.4
[debug] [2021-04-05T19:21:04.785Z] Time:          Tue Apr 06 2021 00:51:04 GMT+0530 (India Standard Time)
[debug] [2021-04-05T19:21:04.786Z] ----------------------------------------------------------------------
[debug] 
[debug] [2021-04-05T19:21:04.797Z] > command requires scopes: ["email","openid","https://www.googleapis.com/auth/cloudplatformprojects.readonly","https://www.googleapis.com/auth/firebase","https://www.googleapis.com/auth/cloud-platform"]
[debug] [2021-04-05T19:21:04.798Z] > authorizing via signed-in user
[debug] [2021-04-05T19:21:04.798Z] [iam] checking project chatapp-b9401 for permissions ["firebase.projects.get"]
[debug] [2021-04-05T19:21:04.802Z] >>> HTTP REQUEST POST https://cloudresourcemanager.googleapis.com/v1/projects/chatapp-b9401:testIamPermissions  
 {"permissions":["firebase.projects.get"]}
[debug] [2021-04-05T19:21:06.317Z] <<< HTTP RESPONSE 200 {"content-type":"application/json; charset=UTF-8","vary":"X-Origin, Referer, Origin,Accept-Encoding","date":"Mon, 05 Apr 2021 19:23:05 GMT","server":"ESF","cache-control":"private","x-xss-protection":"0","x-frame-options":"SAMEORIGIN","x-content-type-options":"nosniff","server-timing":"gfet4t7; dur=1172","alt-svc":"h3-29=\":443\"; ma=2592000,h3-T051=\":443\"; ma=2592000,h3-Q050=\":443\"; ma=2592000,h3-Q046=\":443\"; ma=2592000,h3-Q043=\":443\"; ma=2592000,quic=\":443\"; ma=2592000; v=\"46,43\"","accept-ranges":"none","transfer-encoding":"chunked"}
[warn] !  Your requested "node" version "12" doesn't match your global version "14" {"metadata":{"emulator":{"name":"functions"},"message":"Your requested \"node\" version \"12\" doesn't match your global version \"14\""}}
[debug] [2021-04-05T19:21:06.397Z] defaultcredentials: writing to file C:\Users\Admin\AppData\Roaming\firebase\hari01venkat_gmail_com_application_default_credentials.json
[debug] [2021-04-05T19:21:06.401Z] DEBUG: Setting GAC to C:\Users\Admin\AppData\Roaming\firebase\hari01venkat_gmail_com_application_default_credentials.json
[debug] [2021-04-05T19:21:06.406Z] > refreshing access token with scopes: []
[debug] [2021-04-05T19:21:06.406Z] >>> HTTP REQUEST POST https://www.googleapis.com/oauth2/v3/token  
 <request body omitted>
[debug] [2021-04-05T19:21:06.755Z] <<< HTTP RESPONSE 200 {"expires":"Mon, 01 Jan 1990 00:00:00 GMT","date":"Mon, 05 Apr 2021 19:23:06 GMT","cache-control":"no-cache, no-store, max-age=0, must-revalidate","pragma":"no-cache","content-type":"application/json; charset=utf-8","vary":"X-Origin, Referer, Origin,Accept-Encoding","server":"scaffolding on HTTPServer2","x-xss-protection":"0","x-frame-options":"SAMEORIGIN","x-content-type-options":"nosniff","alt-svc":"h3-29=\":443\"; ma=2592000,h3-T051=\":443\"; ma=2592000,h3-Q050=\":443\"; ma=2592000,h3-Q046=\":443\"; ma=2592000,h3-Q043=\":443\"; ma=2592000,quic=\":443\"; ma=2592000; v=\"46,43\"","accept-ranges":"none","transfer-encoding":"chunked"}
[debug] [2021-04-05T19:21:06.800Z] >>> [apiv2][query] GET https://firebase.googleapis.com/v1beta1/projects/chatapp-b9401/adminSdkConfig [none]
[debug] [2021-04-05T19:21:07.649Z] <<< [apiv2][status] GET https://firebase.googleapis.com/v1beta1/projects/chatapp-b9401/adminSdkConfig 200
[debug] [2021-04-05T19:21:07.650Z] <<< [apiv2][body] GET https://firebase.googleapis.com/v1beta1/projects/chatapp-b9401/adminSdkConfig {"projectId":"chatapp-b9401","storageBucket":"chatapp-b9401.appspot.com","locationId":"asia-south1"}
[debug] [2021-04-05T19:21:07.727Z] [functions] Watching "D:\Documents\React Apps\chat-app\functions" for Cloud Functions...
[debug] [2021-04-05T19:21:07.806Z] DEBUG: [worker-pool] addWorker(~diagnostic~)
[debug] [2021-04-05T19:21:07.806Z] DEBUG: [worker-pool] Adding worker with key ~diagnostic~, total=1
[debug] [2021-04-05T19:21:07.807Z] DEBUG: [worker-pool] submitWork(triggerId=)
[debug] [2021-04-05T19:21:07.807Z] DEBUG: [worker-~diagnostic~-779dca38-c602-41f5-8565-7dd6de35f66c]: Assigning socketPath: \\?\pipe\D:\Documents\React Apps\chat-app\functions\7804
[debug] [2021-04-05T19:21:07.808Z] DEBUG: [worker-~diagnostic~-779dca38-c602-41f5-8565-7dd6de35f66c]: BUSY
[debug] [2021-04-05T19:21:08.331Z] DEBUG: [runtime-status] [7804] Functions runtime initialized. {"cwd":"D:\\Documents\\React Apps\\chat-app\\functions","node_version":"14.15.4"}
[debug] [2021-04-05T19:21:08.331Z] DEBUG: [runtime-status] [7804] Disabled runtime features: undefined
[debug] [2021-04-05T19:21:08.337Z] DEBUG: [runtime-status] [7804] Resolved module firebase-admin {"declared":true,"installed":true,"version":"9.6.0","resolution":"D:\\Documents\\React Apps\\chat-app\\functions\\node_modules\\firebase-admin\\lib\\index.js"}
[debug] [2021-04-05T19:21:08.340Z] DEBUG: [runtime-status] [7804] Resolved module firebase-functions {"declared":true,"installed":true,"version":"3.13.2","resolution":"D:\\Documents\\React Apps\\chat-app\\functions\\node_modules\\firebase-functions\\lib\\index.js"}
[debug] [2021-04-05T19:21:08.344Z] DEBUG: [runtime-status] [7804] Resolved module firebase-functions {"declared":true,"installed":true,"version":"3.13.2","resolution":"D:\\Documents\\React Apps\\chat-app\\functions\\node_modules\\firebase-functions\\lib\\index.js"}
[debug] [2021-04-05T19:21:08.348Z] DEBUG: [runtime-status] [7804] Outgoing network have been stubbed. [{"name":"http","status":"mocked"},{"name":"http","status":"mocked"},{"name":"https","status":"mocked"},{"name":"https","status":"mocked"},{"name":"net","status":"mocked"}]
[debug] [2021-04-05T19:21:08.350Z] DEBUG: [runtime-status] [7804] Resolved module firebase-functions {"declared":true,"installed":true,"version":"3.13.2","resolution":"D:\\Documents\\React Apps\\chat-app\\functions\\node_modules\\firebase-functions\\lib\\index.js"}
[debug] [2021-04-05T19:21:08.732Z] DEBUG: [runtime-status] [7804] Checked functions.config() {"config":{}}
[debug] [2021-04-05T19:21:08.733Z] DEBUG: [runtime-status] [7804] firebase-functions has been stubbed. {"functionsResolution":{"declared":true,"installed":true,"version":"3.13.2","resolution":"D:\\Documents\\React Apps\\chat-app\\functions\\node_modules\\firebase-functions\\lib\\index.js"}}
[debug] [2021-04-05T19:21:08.736Z] DEBUG: [runtime-status] [7804] Resolved module firebase-functions {"declared":true,"installed":true,"version":"3.13.2","resolution":"D:\\Documents\\React Apps\\chat-app\\functions\\node_modules\\firebase-functions\\lib\\index.js"}
[debug] [2021-04-05T19:21:08.740Z] DEBUG: [runtime-status] [7804] Resolved module firebase-admin {"declared":true,"installed":true,"version":"9.6.0","resolution":"D:\\Documents\\React Apps\\chat-app\\functions\\node_modules\\firebase-admin\\lib\\index.js"}
[debug] [2021-04-05T19:21:08.742Z] DEBUG: [runtime-status] [7804] Resolved module firebase-functions {"declared":true,"installed":true,"version":"3.13.2","resolution":"D:\\Documents\\React Apps\\chat-app\\functions\\node_modules\\firebase-functions\\lib\\index.js"}
[debug] [2021-04-05T19:21:08.743Z] DEBUG: [runtime-status] [7804] firebase-admin has been stubbed. {"adminResolution":{"declared":true,"installed":true,"version":"9.6.0","resolution":"D:\\Documents\\React Apps\\chat-app\\functions\\node_modules\\firebase-admin\\lib\\index.js"}}
[warn] !  Error: Cannot find module 'bad-words'
Require stack:
- D:\Documents\React Apps\chat-app\functions\index.js
- C:\Users\Admin\AppData\Roaming\npm\node_modules\firebase-tools\lib\emulator\functionsEmulatorRuntime.js
    at Function.Module._resolveFilename (internal/modules/cjs/loader.js:880:15)
    at Function.Module._load (internal/modules/cjs/loader.js:725:27)
    at Module.require (internal/modules/cjs/loader.js:952:19)
    at require (internal/modules/cjs/helpers.js:88:18)
    at Object.<anonymous> (D:\Documents\React Apps\chat-app\functions\index.js:2:16)
    at Module._compile (internal/modules/cjs/loader.js:1063:30)
    at Object.Module._extensions..js (internal/modules/cjs/loader.js:1092:10)
    at Module.load (internal/modules/cjs/loader.js:928:32)
    at Function.Module._load (internal/modules/cjs/loader.js:769:14)
    at Module.require (internal/modules/cjs/loader.js:952:19) {"metadata":{"emulator":{"name":"functions"},"message":"Error: Cannot find module 'bad-words'\nRequire stack:\n- D:\\Documents\\React Apps\\chat-app\\functions\\index.js\n- C:\\Users\\Admin\\AppData\\Roaming\\npm\\node_modules\\firebase-tools\\lib\\emulator\\functionsEmulatorRuntime.js\n    at Function.Module._resolveFilename (internal/modules/cjs/loader.js:880:15)\n    at Function.Module._load (internal/modules/cjs/loader.js:725:27)\n    at Module.require (internal/modules/cjs/loader.js:952:19)\n    at require (internal/modules/cjs/helpers.js:88:18)\n    at Object.<anonymous> (D:\\Documents\\React Apps\\chat-app\\functions\\index.js:2:16)\n    at Module._compile (internal/modules/cjs/loader.js:1063:30)\n    at Object.Module._extensions..js (internal/modules/cjs/loader.js:1092:10)\n    at Module.load (internal/modules/cjs/loader.js:928:32)\n    at Function.Module._load (internal/modules/cjs/loader.js:769:14)\n    at Module.require (internal/modules/cjs/loader.js:952:19)"}}
[warn] !  We were unable to load your functions code. (see above) {"metadata":{"emulator":{"name":"functions"}}}
[debug] [2021-04-05T19:21:08.799Z] DEBUG: [worker-~diagnostic~-779dca38-c602-41f5-8565-7dd6de35f66c]: exited
[debug] [2021-04-05T19:21:08.800Z] DEBUG: [worker-~diagnostic~-779dca38-c602-41f5-8565-7dd6de35f66c]: FINISHED
